\BOOKMARK [1][-]{section.1}{Introduction}{}% 1
\BOOKMARK [1][-]{section.2}{Algorithms}{}% 2
\BOOKMARK [2][-]{subsection.2.1}{Heat flow}{section.2}% 3
\BOOKMARK [3][-]{subsubsection.2.1.1}{First Step}{subsection.2.1}% 4
\BOOKMARK [3][-]{subsubsection.2.1.2}{Second Step}{subsection.2.1}% 5
\BOOKMARK [3][-]{subsubsection.2.1.3}{Third Step}{subsection.2.1}% 6
\BOOKMARK [2][-]{subsection.2.2}{Navigation}{section.2}% 7
\BOOKMARK [1][-]{section.3}{Implementation}{}% 8
\BOOKMARK [2][-]{subsection.3.1}{Environment}{section.3}% 9
\BOOKMARK [2][-]{subsection.3.2}{Mesh representation}{section.3}% 10
\BOOKMARK [2][-]{subsection.3.3}{Matrix precalculation}{section.3}% 11
\BOOKMARK [2][-]{subsection.3.4}{Main calculation}{section.3}% 12
\BOOKMARK [2][-]{subsection.3.5}{Navigation}{section.3}% 13
\BOOKMARK [1][-]{section.4}{Results}{}% 14
\BOOKMARK [2][-]{subsection.4.1}{Main results}{section.4}% 15
\BOOKMARK [2][-]{subsection.4.2}{Boundary conditions}{section.4}% 16
\BOOKMARK [2][-]{subsection.4.3}{Time step t}{section.4}% 17
\BOOKMARK [2][-]{subsection.4.4}{Calculation Time Cost}{section.4}% 18
\BOOKMARK [1][-]{section.5}{Additional work}{}% 19
\BOOKMARK [2][-]{subsection.5.1}{How we obtain meshes?}{section.5}% 20
\BOOKMARK [2][-]{subsection.5.2}{Optimization}{section.5}% 21
\BOOKMARK [2][-]{subsection.5.3}{Multisource}{section.5}% 22
\BOOKMARK [2][-]{subsection.5.4}{Navigation}{section.5}% 23
\BOOKMARK [2][-]{subsection.5.5}{Mapping}{section.5}% 24
\BOOKMARK [1][-]{section.6}{Conclusion \046 extensions}{}% 25
